<?xml version="1.0" encoding="UTF-8"?>
<testng-results ignored="0" total="2" passed="2" failed="0" skipped="0">
  <reporter-output>
  </reporter-output>
  <suite started-at="2024-08-29T11:40:41 AEST" name="Suite" finished-at="2024-08-29T11:40:57 AEST" duration-ms="15238">
    <groups>
      <group name="Sanity">
        <method signature="TC001_AccountRegistrationTest.Registration()[pri:0, instance:testCases.TC001_AccountRegistrationTest@dd8ba08]" name="Registration" class="testCases.TC001_AccountRegistrationTest"/>
        <method signature="TC002_LoginTest.LoginMethod()[pri:0, instance:testCases.TC002_LoginTest@72d1ad2e]" name="LoginMethod" class="testCases.TC002_LoginTest"/>
      </group> <!-- Sanity -->
      <group name="Main">
        <method signature="TC002_LoginTest.LoginMethod()[pri:0, instance:testCases.TC002_LoginTest@72d1ad2e]" name="LoginMethod" class="testCases.TC002_LoginTest"/>
      </group> <!-- Main -->
    </groups>
    <test started-at="2024-08-29T11:40:41 AEST" name="Test" finished-at="2024-08-29T11:40:57 AEST" duration-ms="15238">
      <class name="testCases.TC002_LoginTest">
        <test-method is-config="true" signature="LauchWebPage(java.lang.String)[pri:0, instance:testCases.TC002_LoginTest@72d1ad2e]" started-at="2024-08-29T11:40:50 AEST" name="LauchWebPage" finished-at="2024-08-29T11:40:54 AEST" duration-ms="3874" status="PASS">
          <params>
            <param index="0">
              <value>
                <![CDATA[chrome]]>
              </value>
            </param>
          </params>
          <reporter-output>
          </reporter-output>
        </test-method> <!-- LauchWebPage -->
        <test-method signature="LoginMethod()[pri:0, instance:testCases.TC002_LoginTest@72d1ad2e]" started-at="2024-08-29T11:40:54 AEST" name="LoginMethod" finished-at="2024-08-29T11:40:55 AEST" duration-ms="1222" status="PASS">
          <reporter-output>
          </reporter-output>
        </test-method> <!-- LoginMethod -->
        <test-method is-config="true" signature="TearDown()[pri:0, instance:testCases.TC002_LoginTest@72d1ad2e]" started-at="2024-08-29T11:40:55 AEST" name="TearDown" finished-at="2024-08-29T11:40:57 AEST" duration-ms="1512" status="PASS">
          <reporter-output>
          </reporter-output>
        </test-method> <!-- TearDown -->
      </class> <!-- testCases.TC002_LoginTest -->
      <class name="testCases.TC001_AccountRegistrationTest">
        <test-method is-config="true" signature="LauchWebPage(java.lang.String)[pri:0, instance:testCases.TC001_AccountRegistrationTest@dd8ba08]" started-at="2024-08-29T11:40:41 AEST" name="LauchWebPage" finished-at="2024-08-29T11:40:47 AEST" duration-ms="5126" status="PASS">
          <params>
            <param index="0">
              <value>
                <![CDATA[chrome]]>
              </value>
            </param>
          </params>
          <reporter-output>
          </reporter-output>
        </test-method> <!-- LauchWebPage -->
        <test-method signature="Registration()[pri:0, instance:testCases.TC001_AccountRegistrationTest@dd8ba08]" started-at="2024-08-29T11:40:47 AEST" name="Registration" finished-at="2024-08-29T11:40:49 AEST" duration-ms="1919" status="PASS">
          <reporter-output>
          </reporter-output>
        </test-method> <!-- Registration -->
        <test-method is-config="true" signature="TearDown()[pri:0, instance:testCases.TC001_AccountRegistrationTest@dd8ba08]" started-at="2024-08-29T11:40:49 AEST" name="TearDown" finished-at="2024-08-29T11:40:50 AEST" duration-ms="1364" status="PASS">
          <reporter-output>
          </reporter-output>
        </test-method> <!-- TearDown -->
      </class> <!-- testCases.TC001_AccountRegistrationTest -->
    </test> <!-- Test -->
  </suite> <!-- Suite -->
</testng-results>
